============================= test session starts =============================
platform win32 -- Python 3.10.0, pytest-8.3.5, pluggy-1.5.0 -- C:\Program Files\Python310\python.exe
cachedir: .pytest_cache
rootdir: D:\MyPrograms\OpenTruss(beta)\backend
configfile: pytest.ini
plugins: anyio-4.12.0, asyncio-1.3.0, cov-7.0.0, timeout-2.4.0
asyncio: mode=strict, debug=False, asyncio_default_fixture_loop_scope=function, asyncio_default_test_loop_scope=function
timeout: 60.0s
timeout method: thread
timeout func_only: False
python : Traceback (most recent call last):
所在位置 C:\Users\Administrator\AppData\Local\Temp\ps-script-5d01c0c8-c60b-4f3f-8500-ac0cfbea7395.ps1:86 字符: 45
+ ... uss(beta)\backend"; python -m pytest tests/ -v --tb=line 2>&1 | Out-F ...
+                         ~~~~~~~~~~~~~~~~~~~~~~~~~~~~~~~~~~~~~~~~~
    + CategoryInfo          : NotSpecified: (Traceback (most recent call last)::String) [], RemoteException
    + FullyQualifiedErrorId : NativeCommandError
 
  File "C:\Program Files\Python310\lib\site-packages\_pytest\main.py", line 283, in wrap_session
    session.exitstatus = doit(config, session) or 0
  File "C:\Program Files\Python310\lib\site-packages\_pytest\main.py", line 336, in _main
    config.hook.pytest_collection(session=session)
  File "C:\Program Files\Python310\lib\site-packages\pluggy\_hooks.py", line 513, in __call__
    return self._hookexec(self.name, self._hookimpls.copy(), kwargs, firstresult)
  File "C:\Program Files\Python310\lib\site-packages\pluggy\_manager.py", line 120, in _hookexec
    return self._inner_hookexec(hook_name, methods, kwargs, firstresult)
  File "C:\Program Files\Python310\lib\site-packages\pluggy\_callers.py", line 139, in _multicall
    raise exception.with_traceback(exception.__traceback__)
  File "C:\Program Files\Python310\lib\site-packages\pluggy\_callers.py", line 122, in _multicall
    teardown.throw(exception)  # type: ignore[union-attr]
  File "C:\Program Files\Python310\lib\site-packages\_pytest\logging.py", line 790, in pytest_collection
    return (yield)
  File "C:\Program Files\Python310\lib\site-packages\pluggy\_callers.py", line 122, in _multicall
    teardown.throw(exception)  # type: ignore[union-attr]
  File "C:\Program Files\Python310\lib\site-packages\_pytest\warnings.py", line 121, in pytest_collection
    return (yield)
  File "C:\Program Files\Python310\lib\site-packages\pluggy\_callers.py", line 122, in _multicall
    teardown.throw(exception)  # type: ignore[union-attr]
  File "C:\Program Files\Python310\lib\site-packages\_pytest\config\__init__.py", line 1417, in pytest_collection
    return (yield)
  File "C:\Program Files\Python310\lib\site-packages\pluggy\_callers.py", line 103, in _multicall
    res = hook_impl.function(*args)
  File "C:\Program Files\Python310\lib\site-packages\_pytest\main.py", line 347, in pytest_collection
    session.perform_collect()
  File "C:\Program Files\Python310\lib\site-packages\_pytest\main.py", line 809, in perform_collect
    self.items.extend(self.genitems(node))
  File "C:\Program Files\Python310\lib\site-packages\_pytest\main.py", line 975, in genitems
    yield from self.genitems(subnode)
  File "C:\Program Files\Python310\lib\site-packages\_pytest\main.py", line 970, in genitems
    rep, duplicate = self._collect_one_node(node, handle_dupes)
  File "C:\Program Files\Python310\lib\site-packages\_pytest\main.py", line 835, in _collect_one_node
    rep = collect_one_node(node)
  File "C:\Program Files\Python310\lib\site-packages\_pytest\runner.py", line 567, in collect_one_node
    rep: CollectReport = ihook.pytest_make_collect_report(collector=collector)
  File "C:\Program Files\Python310\lib\site-packages\pluggy\_hooks.py", line 513, in __call__
    return self._hookexec(self.name, self._hookimpls.copy(), kwargs, firstresult)
  File "C:\Program Files\Python310\lib\site-packages\pluggy\_manager.py", line 120, in _hookexec
    return self._inner_hookexec(hook_name, methods, kwargs, firstresult)
  File "C:\Program Files\Python310\lib\site-packages\pluggy\_callers.py", line 139, in _multicall
    raise exception.with_traceback(exception.__traceback__)
  File "C:\Program Files\Python310\lib\site-packages\pluggy\_callers.py", line 124, in _multicall
    teardown.send(result)  # type: ignore[union-attr]
  File "C:\Program Files\Python310\lib\site-packages\_pytest\capture.py", line 881, in pytest_make_collect_report
    out, err = self.read_global_capture()
  File "C:\Program Files\Python310\lib\site-packages\_pytest\capture.py", line 801, in read_global_capture
    return self._global_capturing.readouterr()
  File "C:\Program Files\Python310\lib\site-packages\_pytest\capture.py", line 704, in readouterr
    out = self.out.snap() if self.out else ""
  File "C:\Program Files\Python310\lib\site-packages\_pytest\capture.py", line 589, in snap
    self.tmpfile.seek(0)
ValueError: I/O operation on closed file.

During handling of the above exception, another exception occurred:

Traceback (most recent call last):
  File "C:\Program Files\Python310\lib\site-packages\_pytest\main.py", line 303, in wrap_session
    config.notify_exception(excinfo, config.option)
  File "C:\Program Files\Python310\lib\site-packages\_pytest\config\__init__.py", line 1173, in notify_exception
    res = self.hook.pytest_internalerror(excrepr=excrepr, excinfo=excinfo)
  File "C:\Program Files\Python310\lib\site-packages\pluggy\_hooks.py", line 513, in __call__
    return self._hookexec(self.name, self._hookimpls.copy(), kwargs, firstresult)
  File "C:\Program Files\Python310\lib\site-packages\pluggy\_manager.py", line 120, in _hookexec
    return self._inner_hookexec(hook_name, methods, kwargs, firstresult)
  File "C:\Program Files\Python310\lib\site-packages\pluggy\_callers.py", line 139, in _multicall
    raise exception.with_traceback(exception.__traceback__)
  File "C:\Program Files\Python310\lib\site-packages\pluggy\_callers.py", line 103, in _multicall
    res = hook_impl.function(*args)
  File "C:\Program Files\Python310\lib\site-packages\_pytest\capture.py", line 911, in pytest_internalerror
    self.stop_global_capturing()
  File "C:\Program Files\Python310\lib\site-packages\_pytest\capture.py", line 776, in stop_global_capturing
    self._global_capturing.pop_outerr_to_orig()
  File "C:\Program Files\Python310\lib\site-packages\_pytest\capture.py", line 657, in pop_outerr_to_orig
    out, err = self.readouterr()
  File "C:\Program Files\Python310\lib\site-packages\_pytest\capture.py", line 704, in readouterr
    out = self.out.snap() if self.out else ""
  File "C:\Program Files\Python310\lib\site-packages\_pytest\capture.py", line 589, in snap
    self.tmpfile.seek(0)
ValueError: I/O operation on closed file.

During handling of the above exception, another exception occurred:

Traceback (most recent call last):
  File "C:\Program Files\Python310\lib\runpy.py", line 196, in _run_module_as_main
    return _run_code(code, main_globals, None,
  File "C:\Program Files\Python310\lib\runpy.py", line 86, in _run_code
    exec(code, run_globals)
  File "C:\Program Files\Python310\lib\site-packages\pytest\__main__.py", line 9, in <module>
    raise SystemExit(pytest.console_main())
  File "C:\Program Files\Python310\lib\site-packages\_pytest\config\__init__.py", line 201, in console_main
    code = main()
  File "C:\Program Files\Python310\lib\site-packages\_pytest\config\__init__.py", line 175, in main
    ret: ExitCode | int = config.hook.pytest_cmdline_main(config=config)
  File "C:\Program Files\Python310\lib\site-packages\pluggy\_hooks.py", line 513, in __call__
    return self._hookexec(self.name, self._hookimpls.copy(), kwargs, firstresult)
  File "C:\Program Files\Python310\lib\site-packages\pluggy\_manager.py", line 120, in _hookexec
    return self._inner_hookexec(hook_name, methods, kwargs, firstresult)
  File "C:\Program Files\Python310\lib\site-packages\pluggy\_callers.py", line 139, in _multicall
    raise exception.with_traceback(exception.__traceback__)
  File "C:\Program Files\Python310\lib\site-packages\pluggy\_callers.py", line 103, in _multicall
    res = hook_impl.function(*args)
  File "C:\Program Files\Python310\lib\site-packages\_pytest\main.py", line 330, in pytest_cmdline_main
    return wrap_session(config, _main)
  File "C:\Program Files\Python310\lib\site-packages\_pytest\main.py", line 325, in wrap_session
    config._ensure_unconfigure()
  File "C:\Program Files\Python310\lib\site-packages\_pytest\config\__init__.py", line 1127, in _ensure_unconfigure
    fin()
  File "C:\Program Files\Python310\lib\site-packages\_pytest\capture.py", line 776, in stop_global_capturing
    self._global_capturing.pop_outerr_to_orig()
  File "C:\Program Files\Python310\lib\site-packages\_pytest\capture.py", line 657, in pop_outerr_to_orig
    out, err = self.readouterr()
  File "C:\Program Files\Python310\lib\site-packages\_pytest\capture.py", line 704, in readouterr
    out = self.out.snap() if self.out else ""
  File "C:\Program Files\Python310\lib\site-packages\_pytest\capture.py", line 589, in snap
    self.tmpfile.seek(0)
ValueError: I/O operation on closed file.
collecting ... collected 156 items

============================= 1 warning in 1.94s ==============================
